#
# A fatal error has been detected by the Java Runtime Environment:
#
#  EXCEPTION_ACCESS_VIOLATION (0xc0000005) at pc=0x0000000052da2868, pid=7108, tid=0x0000000000001d10
#
# JRE version: Java(TM) SE Runtime Environment (8.0_92-b14) (build 1.8.0_92-b14)
# Java VM: Java HotSpot(TM) 64-Bit Server VM (25.92-b14 mixed mode windows-amd64 compressed oops)
# Problematic frame:
# C  [jdwp.dll+0x22868]
#
# Failed to write core dump. Minidumps are not enabled by default on client versions of Windows
#
# If you would like to submit a bug report, please visit:
#   http://bugreport.java.com/bugreport/crash.jsp
# The crash happened outside the Java Virtual Machine in native code.
# See problematic frame for where to report the bug.
#

---------------  T H R E A D  ---------------

Current thread (0x0000000015329000):  JavaThread "JDWP Command Reader" daemon [_thread_in_native, id=7440, stack(0x0000000016ec0000,0x0000000016fc0000)]

siginfo: ExceptionCode=0xc0000005, reading address 0x0000000000000000

Registers:
RAX=0x0000000052daf5a0, RBX=0x000000000000000c, RCX=0x0000000000000000, RDX=0x0000000000000028
RSP=0x0000000016fbf6f0, RBP=0x0000000052da91a8, RSI=0x0000000000000004, RDI=0x00000000512033c0
R8 =0x0000000016fbf758, R9 =0x7efefefefefeff6b, R10=0x81010101010100f8, R11=0x8101010101010100
R12=0x0000000015329630, R13=0x0000000015329a08, R14=0x0000000000000000, R15=0x0000000052da9198
RIP=0x0000000052da2868, EFLAGS=0x0000000000010206

Top of Stack: (sp=0x0000000016fbf6f0)
0x0000000016fbf6f0:   0000000016fbf718 0000000000000018
0x0000000016fbf700:   0000000000000000 0000000000000000
0x0000000016fbf710:   0000000000002714 00000000512023c0
0x0000000016fbf720:   0000000000000001 0000000000000020
0x0000000016fbf730:   0000000000000000 00000000000003c8
0x0000000016fbf740:   00000000512033c0 000000005120108e
0x0000000016fbf750:   000000000000000c 0000000000e40660
0x0000000016fbf760:   0000000000000004 00000000c0000120
0x0000000016fbf770:   7075727265746e49 636e756620646574
0x0000000016fbf780:   6c6163206e6f6974 000000000000006c
0x0000000016fbf790:   0000000000000000 0000000000000364
0x0000000016fbf7a0:   0000000015329a08 0000000015329630
0x0000000016fbf7b0:   0000000000e3bc60 00007ffd9617e532
0x0000000016fbf7c0:   0000000000000364 0000000000e28ea0
0x0000000016fbf7d0:   00007ffd92b9f990 0000000016fbf814
0x0000000016fbf7e0:   0000000016fbf878 0000000000000000 

Instructions: (pc=0x0000000052da2868)
0x0000000052da2848:   83 ec 50 48 63 d1 85 c9 75 07 33 c0 e9 84 00 00
0x0000000052da2858:   00 48 8b 05 88 d4 00 00 4c 8d 44 24 68 48 8b 08
0x0000000052da2868:   48 8b 01 ff 90 68 01 00 00 8b f8 85 c0 74 61 8b
0x0000000052da2878:   c8 e8 72 ca fe ff 48 8b d8 ff 15 a9 49 00 00 c7 


Register to memory mapping:

RAX=0x0000000052daf5a0 is an unknown value
RBX=0x000000000000000c is an unknown value
RCX=0x0000000000000000 is an unknown value
RDX=0x0000000000000028 is an unknown value
RSP=0x0000000016fbf6f0 is pointing into the stack for thread: 0x0000000015329000
RBP=0x0000000052da91a8 is an unknown value
RSI=0x0000000000000004 is an unknown value
RDI=0x00000000512033c0 is an unknown value
R8 =0x0000000016fbf758 is pointing into the stack for thread: 0x0000000015329000
R9 =0x7efefefefefeff6b is an unknown value
R10=0x81010101010100f8 is an unknown value
R11=0x8101010101010100 is an unknown value
R12=0x0000000015329630 is an unknown value
R13=0x0000000015329a08 is an unknown value
R14=0x0000000000000000 is an unknown value
R15=0x0000000052da9198 is an unknown value


Stack: [0x0000000016ec0000,0x0000000016fc0000],  sp=0x0000000016fbf6f0,  free space=1021k
Native frames: (J=compiled Java code, j=interpreted, Vv=VM code, C=native code)
C  [jdwp.dll+0x22868]
C  [dt_socket.dll+0x108e]
C  [dt_socket.dll+0x15f6]
C  [jdwp.dll+0x1fa11]
C  [jdwp.dll+0xecf6]
V  [jvm.dll+0x1bc3e8]
V  [jvm.dll+0x244314]
